<?xml version="1.0" encoding="UTF-8"?>
<coverage generated="1768807985466" clover="3.2.0">
  <project timestamp="1768807985466" name="All files">
    <metrics statements="104" coveredstatements="90" conditionals="55" coveredconditionals="39" methods="47" coveredmethods="40" elements="206" coveredelements="169" complexity="0" loc="104" ncloc="104" packages="5" files="11" classes="11"/>
    <package name="src">
      <metrics statements="1" coveredstatements="0" conditionals="0" coveredconditionals="0" methods="1" coveredmethods="0"/>
      <file name="App.jsx" path="C:\Users\abhishek.tiwari\OneDrive - Apexon\Desktop\IPPR_ASSIGNMENT\Institutional-Portfolio-Performance-Reporter-React-App\src\App.jsx">
        <metrics statements="1" coveredstatements="0" conditionals="0" coveredconditionals="0" methods="1" coveredmethods="0"/>
        <line num="5" count="0" type="stmt"/>
      </file>
    </package>
    <package name="src.app">
      <metrics statements="3" coveredstatements="0" conditionals="0" coveredconditionals="0" methods="1" coveredmethods="0"/>
      <file name="hooks.js" path="C:\Users\abhishek.tiwari\OneDrive - Apexon\Desktop\IPPR_ASSIGNMENT\Institutional-Portfolio-Performance-Reporter-React-App\src\app\hooks.js">
        <metrics statements="2" coveredstatements="0" conditionals="0" coveredconditionals="0" methods="1" coveredmethods="0"/>
        <line num="2" count="0" type="stmt"/>
        <line num="3" count="0" type="stmt"/>
      </file>
      <file name="store.js" path="C:\Users\abhishek.tiwari\OneDrive - Apexon\Desktop\IPPR_ASSIGNMENT\Institutional-Portfolio-Performance-Reporter-React-App\src\app\store.js">
        <metrics statements="1" coveredstatements="0" conditionals="0" coveredconditionals="0" methods="0" coveredmethods="0"/>
        <line num="6" count="0" type="stmt"/>
      </file>
    </package>
    <package name="src.features.reports">
      <metrics statements="86" coveredstatements="76" conditionals="52" coveredconditionals="37" methods="39" coveredmethods="34"/>
      <file name="ReportDashboard.jsx" path="C:\Users\abhishek.tiwari\OneDrive - Apexon\Desktop\IPPR_ASSIGNMENT\Institutional-Portfolio-Performance-Reporter-React-App\src\features\reports\ReportDashboard.jsx">
        <metrics statements="9" coveredstatements="0" conditionals="6" coveredconditionals="0" methods="4" coveredmethods="0"/>
        <line num="10" count="0" type="stmt"/>
        <line num="11" count="0" type="stmt"/>
        <line num="12" count="0" type="stmt"/>
        <line num="13" count="0" type="stmt"/>
        <line num="14" count="0" type="stmt"/>
        <line num="17" count="0" type="stmt"/>
        <line num="18" count="0" type="stmt"/>
        <line num="22" count="0" type="stmt"/>
        <line num="24" count="0" type="stmt"/>
      </file>
      <file name="ReportSearch.jsx" path="C:\Users\abhishek.tiwari\OneDrive - Apexon\Desktop\IPPR_ASSIGNMENT\Institutional-Portfolio-Performance-Reporter-React-App\src\features\reports\ReportSearch.jsx">
        <metrics statements="8" coveredstatements="8" conditionals="0" coveredconditionals="0" methods="3" coveredmethods="3"/>
        <line num="6" count="1" type="stmt"/>
        <line num="7" count="32" type="stmt"/>
        <line num="8" count="31" type="stmt"/>
        <line num="9" count="31" type="stmt"/>
        <line num="11" count="31" type="stmt"/>
        <line num="12" count="8" type="stmt"/>
        <line num="15" count="31" type="stmt"/>
        <line num="21" count="23" type="stmt"/>
      </file>
      <file name="ReportSummary.jsx" path="C:\Users\abhishek.tiwari\OneDrive - Apexon\Desktop\IPPR_ASSIGNMENT\Institutional-Portfolio-Performance-Reporter-React-App\src\features\reports\ReportSummary.jsx">
        <metrics statements="12" coveredstatements="12" conditionals="8" coveredconditionals="8" methods="6" coveredmethods="6"/>
        <line num="5" count="1" type="stmt"/>
        <line num="6" count="6" type="stmt"/>
        <line num="7" count="12" type="stmt"/>
        <line num="9" count="6" type="stmt"/>
        <line num="10" count="48" type="stmt"/>
        <line num="12" count="6" type="stmt"/>
        <line num="13" count="6" type="cond" truecount="2" falsecount="0"/>
        <line num="14" count="5" type="stmt"/>
        <line num="17" count="6" type="stmt"/>
        <line num="20" count="6" type="cond" truecount="2" falsecount="0"/>
        <line num="21" count="1" type="stmt"/>
        <line num="24" count="5" type="stmt"/>
      </file>
      <file name="ReportTable.jsx" path="C:\Users\abhishek.tiwari\OneDrive - Apexon\Desktop\IPPR_ASSIGNMENT\Institutional-Portfolio-Performance-Reporter-React-App\src\features\reports\ReportTable.jsx">
        <metrics statements="25" coveredstatements="24" conditionals="32" coveredconditionals="24" methods="12" coveredmethods="11"/>
        <line num="6" count="1" type="stmt"/>
        <line num="7" count="11" type="stmt"/>
        <line num="9" count="10" type="cond" truecount="1" falsecount="1"/>
        <line num="10" count="20" type="cond" truecount="1" falsecount="1"/>
        <line num="11" count="20" type="cond" truecount="2" falsecount="0"/>
        <line num="12" count="20" type="cond" truecount="1" falsecount="1"/>
        <line num="13" count="20" type="cond" truecount="2" falsecount="0"/>
        <line num="14" count="20" type="cond" truecount="1" falsecount="1"/>
        <line num="16" count="10" type="stmt"/>
        <line num="17" count="7" type="cond" truecount="1" falsecount="1"/>
        <line num="19" count="7" type="stmt"/>
        <line num="21" count="32" type="cond" truecount="1" falsecount="1"/>
        <line num="25" count="32" type="cond" truecount="1" falsecount="1"/>
        <line num="27" count="32" type="cond" truecount="2" falsecount="0"/>
        <line num="31" count="10" type="stmt"/>
        <line num="32" count="3" type="stmt"/>
        <line num="35" count="10" type="stmt"/>
        <line num="36" count="0" type="stmt"/>
        <line num="39" count="10" type="cond" truecount="2" falsecount="0"/>
        <line num="40" count="1" type="stmt"/>
        <line num="48" count="9" type="cond" truecount="2" falsecount="0"/>
        <line num="49" count="2" type="stmt"/>
        <line num="64" count="7" type="stmt"/>
        <line num="81" count="56" type="stmt"/>
        <line num="92" count="3" type="stmt"/>
      </file>
      <file name="SectotFilter.jsx" path="C:\Users\abhishek.tiwari\OneDrive - Apexon\Desktop\IPPR_ASSIGNMENT\Institutional-Portfolio-Performance-Reporter-React-App\src\features\reports\SectotFilter.jsx">
        <metrics statements="7" coveredstatements="7" conditionals="2" coveredconditionals="2" methods="4" coveredmethods="4"/>
        <line num="5" count="1" type="stmt"/>
        <line num="6" count="10" type="stmt"/>
        <line num="7" count="18" type="stmt"/>
        <line num="9" count="9" type="stmt"/>
        <line num="11" count="9" type="stmt"/>
        <line num="14" count="36" type="stmt"/>
        <line num="16" count="4" type="stmt"/>
      </file>
      <file name="reportSlice.js" path="C:\Users\abhishek.tiwari\OneDrive - Apexon\Desktop\IPPR_ASSIGNMENT\Institutional-Portfolio-Performance-Reporter-React-App\src\features\reports\reportSlice.js">
        <metrics statements="25" coveredstatements="25" conditionals="4" coveredconditionals="3" methods="10" coveredmethods="10"/>
        <line num="4" count="5" type="stmt"/>
        <line num="5" count="16" type="stmt"/>
        <line num="8" count="5" type="stmt"/>
        <line num="11" count="2" type="stmt"/>
        <line num="12" count="2" type="stmt"/>
        <line num="13" count="1" type="stmt"/>
        <line num="15" count="1" type="stmt"/>
        <line num="20" count="5" type="stmt"/>
        <line num="31" count="5" type="stmt"/>
        <line num="32" count="5" type="stmt"/>
        <line num="34" count="5" type="cond" truecount="2" falsecount="0"/>
        <line num="35" count="2" type="stmt"/>
        <line num="37" count="3" type="stmt"/>
        <line num="41" count="9" type="stmt"/>
        <line num="44" count="5" type="stmt"/>
        <line num="48" count="5" type="stmt"/>
        <line num="50" count="2" type="stmt"/>
        <line num="51" count="2" type="stmt"/>
        <line num="54" count="2" type="stmt"/>
        <line num="55" count="2" type="stmt"/>
        <line num="58" count="1" type="stmt"/>
        <line num="59" count="1" type="cond" truecount="1" falsecount="1"/>
        <line num="68" count="5" type="stmt"/>
        <line num="70" count="20" type="stmt"/>
        <line num="75" count="5" type="stmt"/>
      </file>
    </package>
    <package name="src.hooks">
      <metrics statements="8" coveredstatements="8" conditionals="1" coveredconditionals="0" methods="4" coveredmethods="4"/>
      <file name="useDebounce.js" path="C:\Users\abhishek.tiwari\OneDrive - Apexon\Desktop\IPPR_ASSIGNMENT\Institutional-Portfolio-Performance-Reporter-React-App\src\hooks\useDebounce.js">
        <metrics statements="8" coveredstatements="8" conditionals="1" coveredconditionals="0" methods="4" coveredmethods="4"/>
        <line num="3" count="2" type="cond" truecount="0" falsecount="1"/>
        <line num="4" count="41" type="stmt"/>
        <line num="6" count="41" type="stmt"/>
        <line num="7" count="38" type="stmt"/>
        <line num="8" count="6" type="stmt"/>
        <line num="11" count="38" type="stmt"/>
        <line num="12" count="38" type="stmt"/>
        <line num="16" count="41" type="stmt"/>
      </file>
    </package>
    <package name="src.services">
      <metrics statements="6" coveredstatements="6" conditionals="2" coveredconditionals="2" methods="2" coveredmethods="2"/>
      <file name="api.js" path="C:\Users\abhishek.tiwari\OneDrive - Apexon\Desktop\IPPR_ASSIGNMENT\Institutional-Portfolio-Performance-Reporter-React-App\src\services\api.js">
        <metrics statements="6" coveredstatements="6" conditionals="2" coveredconditionals="2" methods="2" coveredmethods="2"/>
        <line num="1" count="6" type="stmt"/>
        <line num="68" count="6" type="stmt"/>
        <line num="69" count="4" type="stmt"/>
        <line num="70" count="4" type="cond" truecount="2" falsecount="0"/>
        <line num="71" count="1" type="stmt"/>
        <line num="74" count="3" type="stmt"/>
      </file>
    </package>
  </project>
</coverage>
