{"C:\\Users\\abhishek.tiwari\\OneDrive - Apexon\\Desktop\\IPPR_ASSIGNMENT\\Institutional-Portfolio-Performance-Reporter-React-App\\src\\App.jsx": {"path":"C:\\Users\\abhishek.tiwari\\OneDrive - Apexon\\Desktop\\IPPR_ASSIGNMENT\\Institutional-Portfolio-Performance-Reporter-React-App\\src\\App.jsx","statementMap":{"0":{"start":{"line":5,"column":2},"end":{"line":7,"column":3}}},"fnMap":{"0":{"name":"App","decl":{"start":{"line":4,"column":9},"end":{"line":4,"column":12}},"loc":{"start":{"line":4,"column":15},"end":{"line":8,"column":1}},"line":4}},"branchMap":{},"s":{"0":0},"f":{"0":0},"b":{}}
,"C:\\Users\\abhishek.tiwari\\OneDrive - Apexon\\Desktop\\IPPR_ASSIGNMENT\\Institutional-Portfolio-Performance-Reporter-React-App\\src\\app\\hooks.js": {"path":"C:\\Users\\abhishek.tiwari\\OneDrive - Apexon\\Desktop\\IPPR_ASSIGNMENT\\Institutional-Portfolio-Performance-Reporter-React-App\\src\\app\\hooks.js","statementMap":{"0":{"start":{"line":2,"column":30},"end":{"line":2,"column":49}},"1":{"start":{"line":2,"column":36},"end":{"line":2,"column":49}},"2":{"start":{"line":3,"column":30},"end":{"line":3,"column":41}}},"fnMap":{"0":{"name":"(anonymous_0)","decl":{"start":{"line":2,"column":30},"end":{"line":2,"column":31}},"loc":{"start":{"line":2,"column":36},"end":{"line":2,"column":49}},"line":2}},"branchMap":{},"s":{"0":0,"1":0,"2":0},"f":{"0":0},"b":{}}
,"C:\\Users\\abhishek.tiwari\\OneDrive - Apexon\\Desktop\\IPPR_ASSIGNMENT\\Institutional-Portfolio-Performance-Reporter-React-App\\src\\app\\store.js": {"path":"C:\\Users\\abhishek.tiwari\\OneDrive - Apexon\\Desktop\\IPPR_ASSIGNMENT\\Institutional-Portfolio-Performance-Reporter-React-App\\src\\app\\store.js","statementMap":{"0":{"start":{"line":6,"column":21},"end":{"line":11,"column":2}}},"fnMap":{},"branchMap":{},"s":{"0":0},"f":{},"b":{}}
,"C:\\Users\\abhishek.tiwari\\OneDrive - Apexon\\Desktop\\IPPR_ASSIGNMENT\\Institutional-Portfolio-Performance-Reporter-React-App\\src\\features\\reports\\ReportDashboard.jsx": {"path":"C:\\Users\\abhishek.tiwari\\OneDrive - Apexon\\Desktop\\IPPR_ASSIGNMENT\\Institutional-Portfolio-Performance-Reporter-React-App\\src\\features\\reports\\ReportDashboard.jsx","statementMap":{"0":{"start":{"line":10,"column":31},"end":{"line":77,"column":1}},"1":{"start":{"line":11,"column":19},"end":{"line":11,"column":32}},"2":{"start":{"line":12,"column":17},"end":{"line":12,"column":61}},"3":{"start":{"line":12,"column":40},"end":{"line":12,"column":60}},"4":{"start":{"line":13,"column":2},"end":{"line":15,"column":17}},"5":{"start":{"line":14,"column":4},"end":{"line":14,"column":29}},"6":{"start":{"line":17,"column":24},"end":{"line":19,"column":3}},"7":{"start":{"line":18,"column":4},"end":{"line":18,"column":29}},"8":{"start":{"line":22,"column":20},"end":{"line":22,"column":40}},"9":{"start":{"line":24,"column":2},"end":{"line":76,"column":4}}},"fnMap":{"0":{"name":"(anonymous_0)","decl":{"start":{"line":10,"column":31},"end":{"line":10,"column":32}},"loc":{"start":{"line":10,"column":37},"end":{"line":77,"column":1}},"line":10},"1":{"name":"(anonymous_1)","decl":{"start":{"line":12,"column":29},"end":{"line":12,"column":30}},"loc":{"start":{"line":12,"column":40},"end":{"line":12,"column":60}},"line":12},"2":{"name":"(anonymous_2)","decl":{"start":{"line":13,"column":12},"end":{"line":13,"column":13}},"loc":{"start":{"line":13,"column":18},"end":{"line":15,"column":3}},"line":13},"3":{"name":"(anonymous_3)","decl":{"start":{"line":17,"column":24},"end":{"line":17,"column":25}},"loc":{"start":{"line":17,"column":30},"end":{"line":19,"column":3}},"line":17}},"branchMap":{"0":{"loc":{"start":{"line":50,"column":18},"end":{"line":52,"column":78}},"type":"cond-expr","locations":[{"start":{"line":51,"column":20},"end":{"line":51,"column":52}},{"start":{"line":52,"column":20},"end":{"line":52,"column":78}}],"line":50},"1":{"loc":{"start":{"line":59,"column":38},"end":{"line":59,"column":69}},"type":"cond-expr","locations":[{"start":{"line":59,"column":50},"end":{"line":59,"column":64}},{"start":{"line":59,"column":67},"end":{"line":59,"column":69}}],"line":59},"2":{"loc":{"start":{"line":61,"column":15},"end":{"line":61,"column":65}},"type":"cond-expr","locations":[{"start":{"line":61,"column":27},"end":{"line":61,"column":40}},{"start":{"line":61,"column":43},"end":{"line":61,"column":65}}],"line":61}},"s":{"0":0,"1":0,"2":0,"3":0,"4":0,"5":0,"6":0,"7":0,"8":0,"9":0},"f":{"0":0,"1":0,"2":0,"3":0},"b":{"0":[0,0],"1":[0,0],"2":[0,0]}}
,"C:\\Users\\abhishek.tiwari\\OneDrive - Apexon\\Desktop\\IPPR_ASSIGNMENT\\Institutional-Portfolio-Performance-Reporter-React-App\\src\\features\\reports\\ReportSearch.jsx": {"path":"C:\\Users\\abhishek.tiwari\\OneDrive - Apexon\\Desktop\\IPPR_ASSIGNMENT\\Institutional-Portfolio-Performance-Reporter-React-App\\src\\features\\reports\\ReportSearch.jsx","statementMap":{"0":{"start":{"line":6,"column":28},"end":{"line":28,"column":1}},"1":{"start":{"line":7,"column":19},"end":{"line":7,"column":32}},"2":{"start":{"line":8,"column":38},"end":{"line":8,"column":50}},"3":{"start":{"line":9,"column":26},"end":{"line":9,"column":54}},"4":{"start":{"line":11,"column":2},"end":{"line":13,"column":34}},"5":{"start":{"line":12,"column":4},"end":{"line":12,"column":45}},"6":{"start":{"line":15,"column":2},"end":{"line":27,"column":4}},"7":{"start":{"line":21,"column":25},"end":{"line":21,"column":54}}},"fnMap":{"0":{"name":"(anonymous_0)","decl":{"start":{"line":6,"column":28},"end":{"line":6,"column":29}},"loc":{"start":{"line":6,"column":34},"end":{"line":28,"column":1}},"line":6},"1":{"name":"(anonymous_1)","decl":{"start":{"line":11,"column":12},"end":{"line":11,"column":13}},"loc":{"start":{"line":11,"column":18},"end":{"line":13,"column":3}},"line":11},"2":{"name":"(anonymous_2)","decl":{"start":{"line":21,"column":18},"end":{"line":21,"column":19}},"loc":{"start":{"line":21,"column":25},"end":{"line":21,"column":54}},"line":21}},"branchMap":{},"s":{"0":1,"1":32,"2":31,"3":31,"4":31,"5":8,"6":31,"7":23},"f":{"0":32,"1":8,"2":23},"b":{},"_coverageSchema":"1a1c01bbd47fc00a2c39e90264f33305004495a9","hash":"780df2d8b8c247e95a250f3a17689adea0a90122"}
,"C:\\Users\\abhishek.tiwari\\OneDrive - Apexon\\Desktop\\IPPR_ASSIGNMENT\\Institutional-Portfolio-Performance-Reporter-React-App\\src\\features\\reports\\ReportSummary.jsx": {"path":"C:\\Users\\abhishek.tiwari\\OneDrive - Apexon\\Desktop\\IPPR_ASSIGNMENT\\Institutional-Portfolio-Performance-Reporter-React-App\\src\\features\\reports\\ReportSummary.jsx","statementMap":{"0":{"start":{"line":5,"column":29},"end":{"line":50,"column":1}},"1":{"start":{"line":6,"column":18},"end":{"line":6,"column":47}},"2":{"start":{"line":7,"column":22},"end":{"line":7,"column":71}},"3":{"start":{"line":7,"column":45},"end":{"line":7,"column":70}},"4":{"start":{"line":9,"column":45},"end":{"line":18,"column":28}},"5":{"start":{"line":10,"column":28},"end":{"line":10,"column":75}},"6":{"start":{"line":10,"column":48},"end":{"line":10,"column":74}},"7":{"start":{"line":12,"column":24},"end":{"line":12,"column":77}},"8":{"start":{"line":12,"column":59},"end":{"line":12,"column":73}},"9":{"start":{"line":13,"column":30},"end":{"line":15,"column":9}},"10":{"start":{"line":14,"column":43},"end":{"line":14,"column":79}},"11":{"start":{"line":17,"column":4},"end":{"line":17,"column":46}},"12":{"start":{"line":20,"column":2},"end":{"line":22,"column":3}},"13":{"start":{"line":21,"column":4},"end":{"line":21,"column":16}},"14":{"start":{"line":24,"column":2},"end":{"line":49,"column":4}}},"fnMap":{"0":{"name":"(anonymous_0)","decl":{"start":{"line":5,"column":29},"end":{"line":5,"column":30}},"loc":{"start":{"line":5,"column":35},"end":{"line":50,"column":1}},"line":5},"1":{"name":"(anonymous_1)","decl":{"start":{"line":7,"column":34},"end":{"line":7,"column":35}},"loc":{"start":{"line":7,"column":45},"end":{"line":7,"column":70}},"line":7},"2":{"name":"(anonymous_2)","decl":{"start":{"line":9,"column":53},"end":{"line":9,"column":54}},"loc":{"start":{"line":9,"column":59},"end":{"line":18,"column":3}},"line":9},"3":{"name":"(anonymous_3)","decl":{"start":{"line":10,"column":43},"end":{"line":10,"column":44}},"loc":{"start":{"line":10,"column":48},"end":{"line":10,"column":74}},"line":10},"4":{"name":"(anonymous_4)","decl":{"start":{"line":12,"column":47},"end":{"line":12,"column":48}},"loc":{"start":{"line":12,"column":59},"end":{"line":12,"column":73}},"line":12},"5":{"name":"(anonymous_5)","decl":{"start":{"line":14,"column":31},"end":{"line":14,"column":32}},"loc":{"start":{"line":14,"column":43},"end":{"line":14,"column":79}},"line":14}},"branchMap":{"0":{"loc":{"start":{"line":13,"column":30},"end":{"line":15,"column":9}},"type":"cond-expr","locations":[{"start":{"line":14,"column":8},"end":{"line":14,"column":97}},{"start":{"line":15,"column":8},"end":{"line":15,"column":9}}],"line":13},"1":{"loc":{"start":{"line":20,"column":2},"end":{"line":22,"column":3}},"type":"if","locations":[{"start":{"line":20,"column":2},"end":{"line":22,"column":3}},{"start":{},"end":{}}],"line":20},"2":{"loc":{"start":{"line":40,"column":14},"end":{"line":40,"column":72}},"type":"cond-expr","locations":[{"start":{"line":40,"column":39},"end":{"line":40,"column":55}},{"start":{"line":40,"column":58},"end":{"line":40,"column":72}}],"line":40},"3":{"loc":{"start":{"line":44,"column":13},"end":{"line":44,"column":46}},"type":"cond-expr","locations":[{"start":{"line":44,"column":38},"end":{"line":44,"column":41}},{"start":{"line":44,"column":44},"end":{"line":44,"column":46}}],"line":44}},"s":{"0":1,"1":6,"2":6,"3":12,"4":6,"5":6,"6":48,"7":6,"8":5,"9":6,"10":5,"11":6,"12":6,"13":1,"14":5},"f":{"0":6,"1":12,"2":6,"3":48,"4":5,"5":5},"b":{"0":[5,1],"1":[1,5],"2":[4,1],"3":[4,1]},"_coverageSchema":"1a1c01bbd47fc00a2c39e90264f33305004495a9","hash":"8c5bc7bc5ca7a37e50e033659695d9397f864ba9"}
,"C:\\Users\\abhishek.tiwari\\OneDrive - Apexon\\Desktop\\IPPR_ASSIGNMENT\\Institutional-Portfolio-Performance-Reporter-React-App\\src\\features\\reports\\ReportTable.jsx": {"path":"C:\\Users\\abhishek.tiwari\\OneDrive - Apexon\\Desktop\\IPPR_ASSIGNMENT\\Institutional-Portfolio-Performance-Reporter-React-App\\src\\features\\reports\\ReportTable.jsx","statementMap":{"0":{"start":{"line":6,"column":27},"end":{"line":124,"column":1}},"1":{"start":{"line":7,"column":19},"end":{"line":7,"column":32}},"2":{"start":{"line":9,"column":18},"end":{"line":9,"column":53}},"3":{"start":{"line":10,"column":17},"end":{"line":10,"column":72}},"4":{"start":{"line":10,"column":40},"end":{"line":10,"column":61}},"5":{"start":{"line":11,"column":16},"end":{"line":11,"column":68}},"6":{"start":{"line":11,"column":39},"end":{"line":11,"column":59}},"7":{"start":{"line":12,"column":22},"end":{"line":12,"column":78}},"8":{"start":{"line":12,"column":45},"end":{"line":12,"column":71}},"9":{"start":{"line":13,"column":21},"end":{"line":13,"column":76}},"10":{"start":{"line":13,"column":44},"end":{"line":13,"column":69}},"11":{"start":{"line":14,"column":23},"end":{"line":14,"column":83}},"12":{"start":{"line":14,"column":46},"end":{"line":14,"column":73}},"13":{"start":{"line":16,"column":26},"end":{"line":29,"column":41}},"14":{"start":{"line":17,"column":4},"end":{"line":17,"column":43}},"15":{"start":{"line":17,"column":33},"end":{"line":17,"column":43}},"16":{"start":{"line":19,"column":4},"end":{"line":28,"column":7}},"17":{"start":{"line":21,"column":8},"end":{"line":22,"column":70}},"18":{"start":{"line":25,"column":8},"end":{"line":25,"column":64}},"19":{"start":{"line":27,"column":6},"end":{"line":27,"column":44}},"20":{"start":{"line":31,"column":32},"end":{"line":33,"column":3}},"21":{"start":{"line":32,"column":4},"end":{"line":32,"column":34}},"22":{"start":{"line":35,"column":22},"end":{"line":37,"column":3}},"23":{"start":{"line":36,"column":4},"end":{"line":36,"column":29}},"24":{"start":{"line":39,"column":2},"end":{"line":46,"column":3}},"25":{"start":{"line":40,"column":4},"end":{"line":45,"column":6}},"26":{"start":{"line":48,"column":2},"end":{"line":62,"column":3}},"27":{"start":{"line":49,"column":4},"end":{"line":61,"column":6}},"28":{"start":{"line":64,"column":2},"end":{"line":123,"column":4}},"29":{"start":{"line":81,"column":12},"end":{"line":112,"column":17}},"30":{"start":{"line":92,"column":34},"end":{"line":92,"column":66}}},"fnMap":{"0":{"name":"(anonymous_0)","decl":{"start":{"line":6,"column":27},"end":{"line":6,"column":28}},"loc":{"start":{"line":6,"column":33},"end":{"line":124,"column":1}},"line":6},"1":{"name":"(anonymous_1)","decl":{"start":{"line":10,"column":29},"end":{"line":10,"column":30}},"loc":{"start":{"line":10,"column":40},"end":{"line":10,"column":61}},"line":10},"2":{"name":"(anonymous_2)","decl":{"start":{"line":11,"column":28},"end":{"line":11,"column":29}},"loc":{"start":{"line":11,"column":39},"end":{"line":11,"column":59}},"line":11},"3":{"name":"(anonymous_3)","decl":{"start":{"line":12,"column":34},"end":{"line":12,"column":35}},"loc":{"start":{"line":12,"column":45},"end":{"line":12,"column":71}},"line":12},"4":{"name":"(anonymous_4)","decl":{"start":{"line":13,"column":33},"end":{"line":13,"column":34}},"loc":{"start":{"line":13,"column":44},"end":{"line":13,"column":69}},"line":13},"5":{"name":"(anonymous_5)","decl":{"start":{"line":14,"column":35},"end":{"line":14,"column":36}},"loc":{"start":{"line":14,"column":46},"end":{"line":14,"column":73}},"line":14},"6":{"name":"(anonymous_6)","decl":{"start":{"line":16,"column":34},"end":{"line":16,"column":35}},"loc":{"start":{"line":16,"column":40},"end":{"line":29,"column":3}},"line":16},"7":{"name":"(anonymous_7)","decl":{"start":{"line":19,"column":26},"end":{"line":19,"column":27}},"loc":{"start":{"line":19,"column":36},"end":{"line":28,"column":5}},"line":19},"8":{"name":"(anonymous_8)","decl":{"start":{"line":31,"column":32},"end":{"line":31,"column":33}},"loc":{"start":{"line":31,"column":40},"end":{"line":33,"column":3}},"line":31},"9":{"name":"(anonymous_9)","decl":{"start":{"line":35,"column":22},"end":{"line":35,"column":23}},"loc":{"start":{"line":35,"column":28},"end":{"line":37,"column":3}},"line":35},"10":{"name":"(anonymous_10)","decl":{"start":{"line":80,"column":31},"end":{"line":80,"column":32}},"loc":{"start":{"line":81,"column":12},"end":{"line":112,"column":17}},"line":81},"11":{"name":"(anonymous_11)","decl":{"start":{"line":92,"column":28},"end":{"line":92,"column":29}},"loc":{"start":{"line":92,"column":34},"end":{"line":92,"column":66}},"line":92}},"branchMap":{"0":{"loc":{"start":{"line":9,"column":18},"end":{"line":9,"column":53}},"type":"binary-expr","locations":[{"start":{"line":9,"column":18},"end":{"line":9,"column":47}},{"start":{"line":9,"column":51},"end":{"line":9,"column":53}}],"line":9},"1":{"loc":{"start":{"line":10,"column":17},"end":{"line":10,"column":72}},"type":"binary-expr","locations":[{"start":{"line":10,"column":17},"end":{"line":10,"column":62}},{"start":{"line":10,"column":66},"end":{"line":10,"column":72}}],"line":10},"2":{"loc":{"start":{"line":11,"column":16},"end":{"line":11,"column":68}},"type":"binary-expr","locations":[{"start":{"line":11,"column":16},"end":{"line":11,"column":60}},{"start":{"line":11,"column":64},"end":{"line":11,"column":68}}],"line":11},"3":{"loc":{"start":{"line":12,"column":22},"end":{"line":12,"column":78}},"type":"binary-expr","locations":[{"start":{"line":12,"column":22},"end":{"line":12,"column":72}},{"start":{"line":12,"column":76},"end":{"line":12,"column":78}}],"line":12},"4":{"loc":{"start":{"line":13,"column":21},"end":{"line":13,"column":76}},"type":"binary-expr","locations":[{"start":{"line":13,"column":21},"end":{"line":13,"column":70}},{"start":{"line":13,"column":74},"end":{"line":13,"column":76}}],"line":13},"5":{"loc":{"start":{"line":14,"column":23},"end":{"line":14,"column":83}},"type":"binary-expr","locations":[{"start":{"line":14,"column":23},"end":{"line":14,"column":74}},{"start":{"line":14,"column":78},"end":{"line":14,"column":83}}],"line":14},"6":{"loc":{"start":{"line":17,"column":4},"end":{"line":17,"column":43}},"type":"if","locations":[{"start":{"line":17,"column":4},"end":{"line":17,"column":43}},{"start":{},"end":{}}],"line":17},"7":{"loc":{"start":{"line":21,"column":8},"end":{"line":22,"column":70}},"type":"binary-expr","locations":[{"start":{"line":21,"column":8},"end":{"line":21,"column":68}},{"start":{"line":22,"column":8},"end":{"line":22,"column":70}}],"line":21},"8":{"loc":{"start":{"line":25,"column":8},"end":{"line":25,"column":64}},"type":"binary-expr","locations":[{"start":{"line":25,"column":8},"end":{"line":25,"column":30}},{"start":{"line":25,"column":34},"end":{"line":25,"column":64}}],"line":25},"9":{"loc":{"start":{"line":27,"column":13},"end":{"line":27,"column":43}},"type":"binary-expr","locations":[{"start":{"line":27,"column":13},"end":{"line":27,"column":26}},{"start":{"line":27,"column":30},"end":{"line":27,"column":43}}],"line":27},"10":{"loc":{"start":{"line":39,"column":2},"end":{"line":46,"column":3}},"type":"if","locations":[{"start":{"line":39,"column":2},"end":{"line":46,"column":3}},{"start":{},"end":{}}],"line":39},"11":{"loc":{"start":{"line":48,"column":2},"end":{"line":62,"column":3}},"type":"if","locations":[{"start":{"line":48,"column":2},"end":{"line":62,"column":3}},{"start":{},"end":{}}],"line":48},"12":{"loc":{"start":{"line":84,"column":16},"end":{"line":84,"column":83}},"type":"cond-expr","locations":[{"start":{"line":84,"column":50},"end":{"line":84,"column":62}},{"start":{"line":84,"column":65},"end":{"line":84,"column":83}}],"line":84},"13":{"loc":{"start":{"line":107,"column":18},"end":{"line":107,"column":81}},"type":"cond-expr","locations":[{"start":{"line":107,"column":48},"end":{"line":107,"column":64}},{"start":{"line":107,"column":67},"end":{"line":107,"column":81}}],"line":107},"14":{"loc":{"start":{"line":109,"column":19},"end":{"line":109,"column":57}},"type":"cond-expr","locations":[{"start":{"line":109,"column":49},"end":{"line":109,"column":52}},{"start":{"line":109,"column":55},"end":{"line":109,"column":57}}],"line":109},"15":{"loc":{"start":{"line":117,"column":7},"end":{"line":121,"column":7}},"type":"binary-expr","locations":[{"start":{"line":117,"column":7},"end":{"line":117,"column":35}},{"start":{"line":118,"column":8},"end":{"line":120,"column":14}}],"line":117}},"s":{"0":1,"1":11,"2":10,"3":10,"4":20,"5":10,"6":20,"7":10,"8":20,"9":10,"10":20,"11":10,"12":20,"13":10,"14":7,"15":0,"16":7,"17":32,"18":32,"19":32,"20":10,"21":3,"22":10,"23":0,"24":10,"25":1,"26":9,"27":2,"28":7,"29":56,"30":3},"f":{"0":11,"1":20,"2":20,"3":20,"4":20,"5":20,"6":7,"7":32,"8":3,"9":0,"10":56,"11":3},"b":{"0":[10,0],"1":[10,0],"2":[10,8],"3":[10,0],"4":[10,10],"5":[10,0],"6":[0,7],"7":[32,0],"8":[32,0],"9":[32,32],"10":[1,9],"11":[2,7],"12":[2,54],"13":[42,14],"14":[42,14],"15":[7,0]},"_coverageSchema":"1a1c01bbd47fc00a2c39e90264f33305004495a9","hash":"7942287d5d56dcc3406897317ace1bf4b5ee25c5"}
,"C:\\Users\\abhishek.tiwari\\OneDrive - Apexon\\Desktop\\IPPR_ASSIGNMENT\\Institutional-Portfolio-Performance-Reporter-React-App\\src\\features\\reports\\SectotFilter.jsx": {"path":"C:\\Users\\abhishek.tiwari\\OneDrive - Apexon\\Desktop\\IPPR_ASSIGNMENT\\Institutional-Portfolio-Performance-Reporter-React-App\\src\\features\\reports\\SectotFilter.jsx","statementMap":{"0":{"start":{"line":5,"column":28},"end":{"line":29,"column":1}},"1":{"start":{"line":6,"column":19},"end":{"line":6,"column":32}},"2":{"start":{"line":7,"column":23},"end":{"line":7,"column":73}},"3":{"start":{"line":7,"column":46},"end":{"line":7,"column":72}},"4":{"start":{"line":9,"column":18},"end":{"line":9,"column":63}},"5":{"start":{"line":11,"column":2},"end":{"line":28,"column":4}},"6":{"start":{"line":14,"column":8},"end":{"line":25,"column":17}},"7":{"start":{"line":16,"column":25},"end":{"line":16,"column":58}}},"fnMap":{"0":{"name":"(anonymous_0)","decl":{"start":{"line":5,"column":28},"end":{"line":5,"column":29}},"loc":{"start":{"line":5,"column":34},"end":{"line":29,"column":1}},"line":5},"1":{"name":"(anonymous_1)","decl":{"start":{"line":7,"column":35},"end":{"line":7,"column":36}},"loc":{"start":{"line":7,"column":46},"end":{"line":7,"column":72}},"line":7},"2":{"name":"(anonymous_2)","decl":{"start":{"line":13,"column":19},"end":{"line":13,"column":20}},"loc":{"start":{"line":14,"column":8},"end":{"line":25,"column":17}},"line":14},"3":{"name":"(anonymous_3)","decl":{"start":{"line":16,"column":19},"end":{"line":16,"column":20}},"loc":{"start":{"line":16,"column":25},"end":{"line":16,"column":58}},"line":16}},"branchMap":{"0":{"loc":{"start":{"line":18,"column":12},"end":{"line":20,"column":61}},"type":"cond-expr","locations":[{"start":{"line":19,"column":16},"end":{"line":19,"column":40}},{"start":{"line":20,"column":16},"end":{"line":20,"column":61}}],"line":18}},"s":{"0":1,"1":10,"2":9,"3":18,"4":9,"5":9,"6":36,"7":4},"f":{"0":10,"1":18,"2":36,"3":4},"b":{"0":[9,27]},"_coverageSchema":"1a1c01bbd47fc00a2c39e90264f33305004495a9","hash":"05b3187ca05b6f45ea9b33c8731428cd54486cb1"}
,"C:\\Users\\abhishek.tiwari\\OneDrive - Apexon\\Desktop\\IPPR_ASSIGNMENT\\Institutional-Portfolio-Performance-Reporter-React-App\\src\\features\\reports\\reportSlice.js": {"path":"C:\\Users\\abhishek.tiwari\\OneDrive - Apexon\\Desktop\\IPPR_ASSIGNMENT\\Institutional-Portfolio-Performance-Reporter-React-App\\src\\features\\reports\\reportSlice.js","statementMap":{"0":{"start":{"line":4,"column":30},"end":{"line":6,"column":2}},"1":{"start":{"line":5,"column":24},"end":{"line":5,"column":33}},"2":{"start":{"line":8,"column":28},"end":{"line":18,"column":1}},"3":{"start":{"line":11,"column":4},"end":{"line":16,"column":5}},"4":{"start":{"line":12,"column":23},"end":{"line":12,"column":46}},"5":{"start":{"line":13,"column":6},"end":{"line":13,"column":22}},"6":{"start":{"line":15,"column":6},"end":{"line":15,"column":44}},"7":{"start":{"line":20,"column":20},"end":{"line":62,"column":2}},"8":{"start":{"line":31,"column":17},"end":{"line":31,"column":31}},"9":{"start":{"line":32,"column":20},"end":{"line":32,"column":49}},"10":{"start":{"line":34,"column":6},"end":{"line":38,"column":7}},"11":{"start":{"line":35,"column":8},"end":{"line":35,"column":43}},"12":{"start":{"line":37,"column":8},"end":{"line":37,"column":35}},"13":{"start":{"line":41,"column":6},"end":{"line":41,"column":40}},"14":{"start":{"line":44,"column":6},"end":{"line":44,"column":42}},"15":{"start":{"line":48,"column":4},"end":{"line":60,"column":9}},"16":{"start":{"line":50,"column":8},"end":{"line":50,"column":33}},"17":{"start":{"line":51,"column":8},"end":{"line":51,"column":27}},"18":{"start":{"line":54,"column":8},"end":{"line":54,"column":35}},"19":{"start":{"line":55,"column":8},"end":{"line":55,"column":53}},"20":{"start":{"line":58,"column":8},"end":{"line":58,"column":32}},"21":{"start":{"line":59,"column":8},"end":{"line":59,"column":61}},"22":{"start":{"line":68,"column":4},"end":{"line":68,"column":23}},"23":{"start":{"line":70,"column":27},"end":{"line":70,"column":51}},"24":{"start":{"line":70,"column":38},"end":{"line":70,"column":51}},"25":{"start":{"line":75,"column":4},"end":{"line":75,"column":51}}},"fnMap":{"0":{"name":"(anonymous_0)","decl":{"start":{"line":5,"column":12},"end":{"line":5,"column":13}},"loc":{"start":{"line":5,"column":24},"end":{"line":5,"column":33}},"line":5},"1":{"name":"(anonymous_1)","decl":{"start":{"line":10,"column":2},"end":{"line":10,"column":3}},"loc":{"start":{"line":10,"column":36},"end":{"line":17,"column":3}},"line":10},"2":{"name":"(anonymous_2)","decl":{"start":{"line":30,"column":21},"end":{"line":30,"column":22}},"loc":{"start":{"line":30,"column":40},"end":{"line":39,"column":5}},"line":30},"3":{"name":"(anonymous_3)","decl":{"start":{"line":40,"column":19},"end":{"line":40,"column":20}},"loc":{"start":{"line":40,"column":38},"end":{"line":42,"column":5}},"line":40},"4":{"name":"(anonymous_4)","decl":{"start":{"line":43,"column":21},"end":{"line":43,"column":22}},"loc":{"start":{"line":43,"column":40},"end":{"line":45,"column":5}},"line":43},"5":{"name":"(anonymous_5)","decl":{"start":{"line":47,"column":17},"end":{"line":47,"column":18}},"loc":{"start":{"line":47,"column":30},"end":{"line":61,"column":3}},"line":47},"6":{"name":"(anonymous_6)","decl":{"start":{"line":49,"column":37},"end":{"line":49,"column":38}},"loc":{"start":{"line":49,"column":48},"end":{"line":52,"column":7}},"line":49},"7":{"name":"(anonymous_7)","decl":{"start":{"line":53,"column":39},"end":{"line":53,"column":40}},"loc":{"start":{"line":53,"column":58},"end":{"line":56,"column":7}},"line":53},"8":{"name":"(anonymous_8)","decl":{"start":{"line":57,"column":38},"end":{"line":57,"column":39}},"loc":{"start":{"line":57,"column":57},"end":{"line":60,"column":7}},"line":57},"9":{"name":"(anonymous_9)","decl":{"start":{"line":70,"column":27},"end":{"line":70,"column":28}},"loc":{"start":{"line":70,"column":38},"end":{"line":70,"column":51}},"line":70}},"branchMap":{"0":{"loc":{"start":{"line":34,"column":6},"end":{"line":38,"column":7}},"type":"if","locations":[{"start":{"line":34,"column":6},"end":{"line":38,"column":7}},{"start":{"line":36,"column":13},"end":{"line":38,"column":7}}],"line":34},"1":{"loc":{"start":{"line":59,"column":22},"end":{"line":59,"column":60}},"type":"binary-expr","locations":[{"start":{"line":59,"column":22},"end":{"line":59,"column":36}},{"start":{"line":59,"column":40},"end":{"line":59,"column":60}}],"line":59}},"s":{"0":5,"1":16,"2":5,"3":2,"4":2,"5":1,"6":1,"7":5,"8":5,"9":5,"10":5,"11":2,"12":3,"13":9,"14":5,"15":5,"16":2,"17":2,"18":2,"19":2,"20":1,"21":1,"22":5,"23":5,"24":20,"25":5},"f":{"0":16,"1":2,"2":5,"3":9,"4":5,"5":5,"6":2,"7":2,"8":1,"9":20},"b":{"0":[2,3],"1":[1,0]},"_coverageSchema":"1a1c01bbd47fc00a2c39e90264f33305004495a9","hash":"5b87b8babe54b1eba7a2cbb1d8e3b56febab9618"}
,"C:\\Users\\abhishek.tiwari\\OneDrive - Apexon\\Desktop\\IPPR_ASSIGNMENT\\Institutional-Portfolio-Performance-Reporter-React-App\\src\\hooks\\useDebounce.js": {"path":"C:\\Users\\abhishek.tiwari\\OneDrive - Apexon\\Desktop\\IPPR_ASSIGNMENT\\Institutional-Portfolio-Performance-Reporter-React-App\\src\\hooks\\useDebounce.js","statementMap":{"0":{"start":{"line":3,"column":27},"end":{"line":17,"column":1}},"1":{"start":{"line":4,"column":46},"end":{"line":4,"column":61}},"2":{"start":{"line":6,"column":4},"end":{"line":14,"column":22}},"3":{"start":{"line":7,"column":31},"end":{"line":9,"column":17}},"4":{"start":{"line":8,"column":12},"end":{"line":8,"column":35}},"5":{"start":{"line":11,"column":8},"end":{"line":13,"column":9}},"6":{"start":{"line":12,"column":12},"end":{"line":12,"column":40}},"7":{"start":{"line":16,"column":4},"end":{"line":16,"column":25}}},"fnMap":{"0":{"name":"(anonymous_0)","decl":{"start":{"line":3,"column":27},"end":{"line":3,"column":28}},"loc":{"start":{"line":3,"column":51},"end":{"line":17,"column":1}},"line":3},"1":{"name":"(anonymous_1)","decl":{"start":{"line":6,"column":14},"end":{"line":6,"column":15}},"loc":{"start":{"line":6,"column":20},"end":{"line":14,"column":5}},"line":6},"2":{"name":"(anonymous_2)","decl":{"start":{"line":7,"column":42},"end":{"line":7,"column":43}},"loc":{"start":{"line":7,"column":48},"end":{"line":9,"column":9}},"line":7},"3":{"name":"(anonymous_3)","decl":{"start":{"line":11,"column":15},"end":{"line":11,"column":16}},"loc":{"start":{"line":11,"column":21},"end":{"line":13,"column":9}},"line":11}},"branchMap":{"0":{"loc":{"start":{"line":3,"column":35},"end":{"line":3,"column":46}},"type":"default-arg","locations":[{"start":{"line":3,"column":43},"end":{"line":3,"column":46}}],"line":3}},"s":{"0":2,"1":41,"2":41,"3":38,"4":6,"5":38,"6":38,"7":41},"f":{"0":41,"1":38,"2":6,"3":38},"b":{"0":[0]},"_coverageSchema":"1a1c01bbd47fc00a2c39e90264f33305004495a9","hash":"490e709b9c865b4fce6d3e457e4ef4ca4348b6eb"}
,"C:\\Users\\abhishek.tiwari\\OneDrive - Apexon\\Desktop\\IPPR_ASSIGNMENT\\Institutional-Portfolio-Performance-Reporter-React-App\\src\\services\\api.js": {"path":"C:\\Users\\abhishek.tiwari\\OneDrive - Apexon\\Desktop\\IPPR_ASSIGNMENT\\Institutional-Portfolio-Performance-Reporter-React-App\\src\\services\\api.js","statementMap":{"0":{"start":{"line":1,"column":31},"end":{"line":66,"column":1}},"1":{"start":{"line":68,"column":31},"end":{"line":75,"column":1}},"2":{"start":{"line":69,"column":4},"end":{"line":69,"column":59}},"3":{"start":{"line":69,"column":33},"end":{"line":69,"column":57}},"4":{"start":{"line":70,"column":4},"end":{"line":72,"column":5}},"5":{"start":{"line":71,"column":8},"end":{"line":71,"column":66}},"6":{"start":{"line":74,"column":4},"end":{"line":74,"column":27}}},"fnMap":{"0":{"name":"(anonymous_0)","decl":{"start":{"line":68,"column":31},"end":{"line":68,"column":32}},"loc":{"start":{"line":68,"column":43},"end":{"line":75,"column":1}},"line":68},"1":{"name":"(anonymous_1)","decl":{"start":{"line":69,"column":22},"end":{"line":69,"column":23}},"loc":{"start":{"line":69,"column":33},"end":{"line":69,"column":57}},"line":69}},"branchMap":{"0":{"loc":{"start":{"line":70,"column":4},"end":{"line":72,"column":5}},"type":"if","locations":[{"start":{"line":70,"column":4},"end":{"line":72,"column":5}},{"start":{},"end":{}}],"line":70}},"s":{"0":6,"1":6,"2":4,"3":4,"4":4,"5":1,"6":3},"f":{"0":4,"1":4},"b":{"0":[1,3]},"_coverageSchema":"1a1c01bbd47fc00a2c39e90264f33305004495a9","hash":"7e3f1670f723fcc39c90f8fc1ac987d0fbd9fe12"}
}
