TN:
SF:src\App.jsx
FN:4,App
FNF:1
FNH:0
FNDA:0,App
DA:5,0
LF:1
LH:0
BRF:0
BRH:0
end_of_record
TN:
SF:src\app\hooks.js
FN:2,(anonymous_0)
FNF:1
FNH:0
FNDA:0,(anonymous_0)
DA:2,0
DA:3,0
LF:2
LH:0
BRF:0
BRH:0
end_of_record
TN:
SF:src\app\store.js
FNF:0
FNH:0
DA:6,0
LF:1
LH:0
BRF:0
BRH:0
end_of_record
TN:
SF:src\features\reports\ReportDashboard.jsx
FN:10,(anonymous_0)
FN:12,(anonymous_1)
FN:13,(anonymous_2)
FN:17,(anonymous_3)
FNF:4
FNH:0
FNDA:0,(anonymous_0)
FNDA:0,(anonymous_1)
FNDA:0,(anonymous_2)
FNDA:0,(anonymous_3)
DA:10,0
DA:11,0
DA:12,0
DA:13,0
DA:14,0
DA:17,0
DA:18,0
DA:22,0
DA:24,0
LF:9
LH:0
BRDA:50,0,0,0
BRDA:50,0,1,0
BRDA:59,1,0,0
BRDA:59,1,1,0
BRDA:61,2,0,0
BRDA:61,2,1,0
BRF:6
BRH:0
end_of_record
TN:
SF:src\features\reports\ReportSearch.jsx
FN:6,(anonymous_0)
FN:11,(anonymous_1)
FN:21,(anonymous_2)
FNF:3
FNH:3
FNDA:32,(anonymous_0)
FNDA:8,(anonymous_1)
FNDA:23,(anonymous_2)
DA:6,1
DA:7,32
DA:8,31
DA:9,31
DA:11,31
DA:12,8
DA:15,31
DA:21,23
LF:8
LH:8
BRF:0
BRH:0
end_of_record
TN:
SF:src\features\reports\ReportSummary.jsx
FN:5,(anonymous_0)
FN:7,(anonymous_1)
FN:9,(anonymous_2)
FN:10,(anonymous_3)
FN:12,(anonymous_4)
FN:14,(anonymous_5)
FNF:6
FNH:6
FNDA:6,(anonymous_0)
FNDA:12,(anonymous_1)
FNDA:6,(anonymous_2)
FNDA:48,(anonymous_3)
FNDA:5,(anonymous_4)
FNDA:5,(anonymous_5)
DA:5,1
DA:6,6
DA:7,12
DA:9,6
DA:10,48
DA:12,6
DA:13,6
DA:14,5
DA:17,6
DA:20,6
DA:21,1
DA:24,5
LF:12
LH:12
BRDA:13,0,0,5
BRDA:13,0,1,1
BRDA:20,1,0,1
BRDA:20,1,1,5
BRDA:40,2,0,4
BRDA:40,2,1,1
BRDA:44,3,0,4
BRDA:44,3,1,1
BRF:8
BRH:8
end_of_record
TN:
SF:src\features\reports\ReportTable.jsx
FN:6,(anonymous_0)
FN:10,(anonymous_1)
FN:11,(anonymous_2)
FN:12,(anonymous_3)
FN:13,(anonymous_4)
FN:14,(anonymous_5)
FN:16,(anonymous_6)
FN:19,(anonymous_7)
FN:31,(anonymous_8)
FN:35,(anonymous_9)
FN:80,(anonymous_10)
FN:92,(anonymous_11)
FNF:12
FNH:11
FNDA:11,(anonymous_0)
FNDA:20,(anonymous_1)
FNDA:20,(anonymous_2)
FNDA:20,(anonymous_3)
FNDA:20,(anonymous_4)
FNDA:20,(anonymous_5)
FNDA:7,(anonymous_6)
FNDA:32,(anonymous_7)
FNDA:3,(anonymous_8)
FNDA:0,(anonymous_9)
FNDA:56,(anonymous_10)
FNDA:3,(anonymous_11)
DA:6,1
DA:7,11
DA:9,10
DA:10,20
DA:11,20
DA:12,20
DA:13,20
DA:14,20
DA:16,10
DA:17,7
DA:19,7
DA:21,32
DA:25,32
DA:27,32
DA:31,10
DA:32,3
DA:35,10
DA:36,0
DA:39,10
DA:40,1
DA:48,9
DA:49,2
DA:64,7
DA:81,56
DA:92,3
LF:25
LH:24
BRDA:9,0,0,10
BRDA:9,0,1,0
BRDA:10,1,0,10
BRDA:10,1,1,0
BRDA:11,2,0,10
BRDA:11,2,1,8
BRDA:12,3,0,10
BRDA:12,3,1,0
BRDA:13,4,0,10
BRDA:13,4,1,10
BRDA:14,5,0,10
BRDA:14,5,1,0
BRDA:17,6,0,0
BRDA:17,6,1,7
BRDA:21,7,0,32
BRDA:21,7,1,0
BRDA:25,8,0,32
BRDA:25,8,1,0
BRDA:27,9,0,32
BRDA:27,9,1,32
BRDA:39,10,0,1
BRDA:39,10,1,9
BRDA:48,11,0,2
BRDA:48,11,1,7
BRDA:84,12,0,2
BRDA:84,12,1,54
BRDA:107,13,0,42
BRDA:107,13,1,14
BRDA:109,14,0,42
BRDA:109,14,1,14
BRDA:117,15,0,7
BRDA:117,15,1,0
BRF:32
BRH:24
end_of_record
TN:
SF:src\features\reports\SectotFilter.jsx
FN:5,(anonymous_0)
FN:7,(anonymous_1)
FN:13,(anonymous_2)
FN:16,(anonymous_3)
FNF:4
FNH:4
FNDA:10,(anonymous_0)
FNDA:18,(anonymous_1)
FNDA:36,(anonymous_2)
FNDA:4,(anonymous_3)
DA:5,1
DA:6,10
DA:7,18
DA:9,9
DA:11,9
DA:14,36
DA:16,4
LF:7
LH:7
BRDA:18,0,0,9
BRDA:18,0,1,27
BRF:2
BRH:2
end_of_record
TN:
SF:src\features\reports\reportSlice.js
FN:5,(anonymous_0)
FN:10,(anonymous_1)
FN:30,(anonymous_2)
FN:40,(anonymous_3)
FN:43,(anonymous_4)
FN:47,(anonymous_5)
FN:49,(anonymous_6)
FN:53,(anonymous_7)
FN:57,(anonymous_8)
FN:70,(anonymous_9)
FNF:10
FNH:10
FNDA:16,(anonymous_0)
FNDA:2,(anonymous_1)
FNDA:5,(anonymous_2)
FNDA:9,(anonymous_3)
FNDA:5,(anonymous_4)
FNDA:5,(anonymous_5)
FNDA:2,(anonymous_6)
FNDA:2,(anonymous_7)
FNDA:1,(anonymous_8)
FNDA:20,(anonymous_9)
DA:4,5
DA:5,16
DA:8,5
DA:11,2
DA:12,2
DA:13,1
DA:15,1
DA:20,5
DA:31,5
DA:32,5
DA:34,5
DA:35,2
DA:37,3
DA:41,9
DA:44,5
DA:48,5
DA:50,2
DA:51,2
DA:54,2
DA:55,2
DA:58,1
DA:59,1
DA:68,5
DA:70,20
DA:75,5
LF:25
LH:25
BRDA:34,0,0,2
BRDA:34,0,1,3
BRDA:59,1,0,1
BRDA:59,1,1,0
BRF:4
BRH:3
end_of_record
TN:
SF:src\hooks\useDebounce.js
FN:3,(anonymous_0)
FN:6,(anonymous_1)
FN:7,(anonymous_2)
FN:11,(anonymous_3)
FNF:4
FNH:4
FNDA:41,(anonymous_0)
FNDA:38,(anonymous_1)
FNDA:6,(anonymous_2)
FNDA:38,(anonymous_3)
DA:3,2
DA:4,41
DA:6,41
DA:7,38
DA:8,6
DA:11,38
DA:12,38
DA:16,41
LF:8
LH:8
BRDA:3,0,0,0
BRF:1
BRH:0
end_of_record
TN:
SF:src\services\api.js
FN:68,(anonymous_0)
FN:69,(anonymous_1)
FNF:2
FNH:2
FNDA:4,(anonymous_0)
FNDA:4,(anonymous_1)
DA:1,6
DA:68,6
DA:69,4
DA:70,4
DA:71,1
DA:74,3
LF:6
LH:6
BRDA:70,0,0,1
BRDA:70,0,1,3
BRF:2
BRH:2
end_of_record
